<?xml version="1.0" encoding="UTF-8"?>
<!-- Generated by org.testng.reporters.JUnitXMLReporter -->
<testsuite ignored="0" hostname="MCAB12-20" failures="0" tests="4" name="Default test" time="12.784" errors="0" timestamp="2023-11-02T15:26:39 IST">
  <testcase classname="vesit.ajayk57.dscc.stqa_practical5.LoginTest" name="simpleLogin" time="2.415"/>
  <testcase classname="vesit.ajayk57.dscc.stqa_practical5.LoginTest" name="simpleLogin" time="0.359"/>
  <testcase classname="vesit.ajayk57.dscc.stqa_practical5.LoginTest" name="simpleLogin" time="0.637"/>
  <testcase classname="vesit.ajayk57.dscc.stqa_practical5.LoginTest" name="simpleLogin" time="5.374"/>
</testsuite> <!-- Default test -->
