<?xml version="1.0" encoding="UTF-8"?>
<!-- Generated by org.testng.reporters.JUnitXMLReporter -->
<testsuite ignored="0" hostname="monkey" failures="0" tests="2" name="Default test" time="8.304" errors="0" timestamp="2023-11-02T19:34:14 IST">
  <testcase classname="vesit.ajayk57.dscc.stqa_practical5.regression.LoginTest" name="testLoginWithValidCredentials" time="0.844"/>
  <testcase classname="vesit.ajayk57.dscc.stqa_practical5.regression.LoginTest" name="testLoginWithInvalidCredentials" time="0.564"/>
</testsuite> <!-- Default test -->
