<?xml version="1.0" encoding="UTF-8"?>
<testng-results ignored="0" total="1" passed="1" failed="0" skipped="0">
  <reporter-output>
  </reporter-output>
  <suite started-at="2023-11-02T00:59:57 IST" name="Default suite" finished-at="2023-11-02T00:59:57 IST" duration-ms="128">
    <groups>
    </groups>
    <test started-at="2023-11-02T00:59:57 IST" name="Default test" finished-at="2023-11-02T00:59:57 IST" duration-ms="128">
      <class name="vesit.ajayk57.dscc.stqa_practical5.NewTest">
        <test-method is-config="true" signature="beforeMethod()[pri:0, instance:vesit.ajayk57.dscc.stqa_practical5.NewTest@3daa422a]" started-at="2023-11-02T00:59:57 IST" name="beforeMethod" finished-at="2023-11-02T00:59:57 IST" duration-ms="23" status="PASS">
          <reporter-output>
          </reporter-output>
        </test-method> <!-- beforeMethod -->
        <test-method signature="f()[pri:0, instance:vesit.ajayk57.dscc.stqa_practical5.NewTest@3daa422a]" started-at="2023-11-02T00:59:57 IST" name="f" finished-at="2023-11-02T00:59:57 IST" duration-ms="14" status="PASS">
          <reporter-output>
          </reporter-output>
        </test-method> <!-- f -->
        <test-method is-config="true" signature="afterMethod()[pri:0, instance:vesit.ajayk57.dscc.stqa_practical5.NewTest@3daa422a]" started-at="2023-11-02T00:59:57 IST" name="afterMethod" finished-at="2023-11-02T00:59:57 IST" duration-ms="1" status="PASS">
          <reporter-output>
          </reporter-output>
        </test-method> <!-- afterMethod -->
      </class> <!-- vesit.ajayk57.dscc.stqa_practical5.NewTest -->
    </test> <!-- Default test -->
  </suite> <!-- Default suite -->
</testng-results>
